<?xml version="1.0" encoding="UTF-8"?>
<testsuite xmlns:xsi="http://www.w3.org/2001/XMLSchema-instance" xsi:noNamespaceSchemaLocation="https://maven.apache.org/surefire/maven-surefire-plugin/xsd/surefire-test-report-3.0.xsd" version="3.0" name="adt.bst.StudentBSTTest" time="0.133" tests="7" errors="0" skipped="0" failures="0">
  <properties>
    <property name="java.specification.version" value="17"/>
    <property name="sun.jnu.encoding" value="UTF-8"/>
    <property name="java.class.path" value="/home/lucasqueiros/CC/LEDA/R11-01-Rot-BST-environment/target/test-classes:/home/lucasqueiros/CC/LEDA/R11-01-Rot-BST-environment/target/classes:/home/lucasqueiros/.m2/repository/junit/junit/4.13.1/junit-4.13.1.jar:/home/lucasqueiros/.m2/repository/org/hamcrest/hamcrest-core/1.3/hamcrest-core-1.3.jar:"/>
    <property name="java.vm.vendor" value="Private Build"/>
    <property name="sun.arch.data.model" value="64"/>
    <property name="java.vendor.url" value="Unknown"/>
    <property name="os.name" value="Linux"/>
    <property name="java.vm.specification.version" value="17"/>
    <property name="sun.java.launcher" value="SUN_STANDARD"/>
    <property name="sun.boot.library.path" value="/usr/lib/jvm/java-17-openjdk-amd64/lib"/>
    <property name="sun.java.command" value="/home/lucasqueiros/CC/LEDA/R11-01-Rot-BST-environment/target/surefire/surefirebooter-20240423185245652_3.jar /home/lucasqueiros/CC/LEDA/R11-01-Rot-BST-environment/target/surefire 2024-04-23T18-52-45_322-jvmRun1 surefire-20240423185245652_1tmp surefire_0-20240423185245652_2tmp"/>
    <property name="jdk.debug" value="release"/>
    <property name="surefire.test.class.path" value="/home/lucasqueiros/CC/LEDA/R11-01-Rot-BST-environment/target/test-classes:/home/lucasqueiros/CC/LEDA/R11-01-Rot-BST-environment/target/classes:/home/lucasqueiros/.m2/repository/junit/junit/4.13.1/junit-4.13.1.jar:/home/lucasqueiros/.m2/repository/org/hamcrest/hamcrest-core/1.3/hamcrest-core-1.3.jar:"/>
    <property name="sun.cpu.endian" value="little"/>
    <property name="user.home" value="/home/lucasqueiros"/>
    <property name="user.language" value="en"/>
    <property name="java.specification.vendor" value="Oracle Corporation"/>
    <property name="java.version.date" value="2024-01-16"/>
    <property name="java.home" value="/usr/lib/jvm/java-17-openjdk-amd64"/>
    <property name="file.separator" value="/"/>
    <property name="basedir" value="/home/lucasqueiros/CC/LEDA/R11-01-Rot-BST-environment"/>
    <property name="java.vm.compressedOopsMode" value="32-bit"/>
    <property name="line.separator" value="&#10;"/>
    <property name="java.vm.specification.vendor" value="Oracle Corporation"/>
    <property name="java.specification.name" value="Java Platform API Specification"/>
    <property name="surefire.real.class.path" value="/home/lucasqueiros/CC/LEDA/R11-01-Rot-BST-environment/target/surefire/surefirebooter-20240423185245652_3.jar"/>
    <property name="sun.management.compiler" value="HotSpot 64-Bit Tiered Compilers"/>
    <property name="java.runtime.version" value="17.0.10+7-Ubuntu-122.04.1"/>
    <property name="user.name" value="lucasqueiros"/>
    <property name="path.separator" value=":"/>
    <property name="os.version" value="5.15.146.1-microsoft-standard-WSL2"/>
    <property name="java.runtime.name" value="OpenJDK Runtime Environment"/>
    <property name="file.encoding" value="UTF-8"/>
    <property name="java.vm.name" value="OpenJDK 64-Bit Server VM"/>
    <property name="localRepository" value="/home/lucasqueiros/.m2/repository"/>
    <property name="java.vendor.url.bug" value="Unknown"/>
    <property name="java.io.tmpdir" value="/tmp"/>
    <property name="java.version" value="17.0.10"/>
    <property name="user.dir" value="/home/lucasqueiros/CC/LEDA/R11-01-Rot-BST-environment"/>
    <property name="os.arch" value="amd64"/>
    <property name="java.vm.specification.name" value="Java Virtual Machine Specification"/>
    <property name="native.encoding" value="UTF-8"/>
    <property name="java.library.path" value="/usr/java/packages/lib:/usr/lib/x86_64-linux-gnu/jni:/lib/x86_64-linux-gnu:/usr/lib/x86_64-linux-gnu:/usr/lib/jni:/lib:/usr/lib"/>
    <property name="java.vm.info" value="mixed mode, sharing"/>
    <property name="java.vendor" value="Private Build"/>
    <property name="java.vm.version" value="17.0.10+7-Ubuntu-122.04.1"/>
    <property name="sun.io.unicode.encoding" value="UnicodeLittle"/>
    <property name="java.class.version" value="61.0"/>
  </properties>
  <testcase name="testSucessorPredecessor" classname="adt.bst.StudentBSTTest" time="0.007"/>
  <testcase name="testInit" classname="adt.bst.StudentBSTTest" time="0.0"/>
  <testcase name="testSize" classname="adt.bst.StudentBSTTest" time="0.0"/>
  <testcase name="testHeight" classname="adt.bst.StudentBSTTest" time="0.0"/>
  <testcase name="testMinMax" classname="adt.bst.StudentBSTTest" time="0.0"/>
  <testcase name="testRemove" classname="adt.bst.StudentBSTTest" time="0.0"/>
  <testcase name="testSearch" classname="adt.bst.StudentBSTTest" time="0.0"/>
</testsuite>